<?xml version="1.0" encoding="UTF-8"?>
<testsuite name="Task5Test" tests="1" skipped="0" failures="1" errors="0" timestamp="2020-11-16T21:49:40" hostname="DESKTOP-GKSSB9M" time="0.465">
  <properties/>
  <testcase name="start" classname="Task5Test" time="0.465">
    <failure message="java.lang.AssertionError: Wrong answer in test #3&#10;&#10;Your line &quot;Enter what you want to convert (or exit): Parse error&quot;&#10;doesn't match with &quot;Enter what you want to convert (or exit): Conversion from ??? to ??? is impossible&quot;&#10;in parts &quot;parse&quot; and &quot;conversion&quot;.&#10;&#10;Please find below the output of your program during this failed test.&#10;Note that the '&gt;' character indicates the beginning of the input line.&#10;&#10;---&#10;&#10;Enter what you want to convert (or exit): &gt; 100 AAA convertTo BBB&#10;Parse error&#10;&#10;Enter what you want to convert (or exit): &gt; exit" type="java.lang.AssertionError">java.lang.AssertionError: Wrong answer in test #3

Your line &quot;Enter what you want to convert (or exit): Parse error&quot;
doesn't match with &quot;Enter what you want to convert (or exit): Conversion from ??? to ??? is impossible&quot;
in parts &quot;parse&quot; and &quot;conversion&quot;.

Please find below the output of your program during this failed test.
Note that the '&gt;' character indicates the beginning of the input line.

---

Enter what you want to convert (or exit): &gt; 100 AAA convertTo BBB
Parse error

Enter what you want to convert (or exit): &gt; exit
	at org.junit.Assert.fail(Assert.java:88)
	at org.hyperskill.hstest.stage.StageTest.start(StageTest.java:103)
	at java.base/jdk.internal.reflect.NativeMethodAccessorImpl.invoke0(Native Method)
	at java.base/jdk.internal.reflect.NativeMethodAccessorImpl.invoke(NativeMethodAccessorImpl.java:62)
	at java.base/jdk.internal.reflect.DelegatingMethodAccessorImpl.invoke(DelegatingMethodAccessorImpl.java:43)
	at java.base/java.lang.reflect.Method.invoke(Method.java:566)
	at org.junit.runners.model.FrameworkMethod$1.runReflectiveCall(FrameworkMethod.java:50)
	at org.junit.internal.runners.model.ReflectiveCallable.run(ReflectiveCallable.java:12)
	at org.junit.runners.model.FrameworkMethod.invokeExplosively(FrameworkMethod.java:47)
	at org.junit.internal.runners.statements.InvokeMethod.evaluate(InvokeMethod.java:17)
	at org.junit.runners.ParentRunner.runLeaf(ParentRunner.java:325)
	at org.junit.runners.BlockJUnit4ClassRunner.runChild(BlockJUnit4ClassRunner.java:78)
	at org.junit.runners.BlockJUnit4ClassRunner.runChild(BlockJUnit4ClassRunner.java:57)
	at org.junit.runners.ParentRunner$3.run(ParentRunner.java:290)
	at org.junit.runners.ParentRunner$1.schedule(ParentRunner.java:71)
	at org.junit.runners.ParentRunner.runChildren(ParentRunner.java:288)
	at org.junit.runners.ParentRunner.access$000(ParentRunner.java:58)
	at org.junit.runners.ParentRunner$2.evaluate(ParentRunner.java:268)
	at org.junit.runners.ParentRunner.run(ParentRunner.java:363)
	at org.gradle.api.internal.tasks.testing.junit.JUnitTestClassExecutor.runTestClass(JUnitTestClassExecutor.java:110)
	at org.gradle.api.internal.tasks.testing.junit.JUnitTestClassExecutor.execute(JUnitTestClassExecutor.java:58)
	at org.gradle.api.internal.tasks.testing.junit.JUnitTestClassExecutor.execute(JUnitTestClassExecutor.java:38)
	at org.gradle.api.internal.tasks.testing.junit.AbstractJUnitTestClassProcessor.processTestClass(AbstractJUnitTestClassProcessor.java:62)
	at org.gradle.api.internal.tasks.testing.SuiteTestClassProcessor.processTestClass(SuiteTestClassProcessor.java:51)
	at java.base/jdk.internal.reflect.NativeMethodAccessorImpl.invoke0(Native Method)
	at java.base/jdk.internal.reflect.NativeMethodAccessorImpl.invoke(NativeMethodAccessorImpl.java:62)
	at java.base/jdk.internal.reflect.DelegatingMethodAccessorImpl.invoke(DelegatingMethodAccessorImpl.java:43)
	at java.base/java.lang.reflect.Method.invoke(Method.java:566)
	at org.gradle.internal.dispatch.ReflectionDispatch.dispatch(ReflectionDispatch.java:36)
	at org.gradle.internal.dispatch.ReflectionDispatch.dispatch(ReflectionDispatch.java:24)
	at org.gradle.internal.dispatch.ContextClassLoaderDispatch.dispatch(ContextClassLoaderDispatch.java:33)
	at org.gradle.internal.dispatch.ProxyDispatchAdapter$DispatchingInvocationHandler.invoke(ProxyDispatchAdapter.java:94)
	at com.sun.proxy.$Proxy2.processTestClass(Unknown Source)
	at org.gradle.api.internal.tasks.testing.worker.TestWorker.processTestClass(TestWorker.java:119)
	at java.base/jdk.internal.reflect.NativeMethodAccessorImpl.invoke0(Native Method)
	at java.base/jdk.internal.reflect.NativeMethodAccessorImpl.invoke(NativeMethodAccessorImpl.java:62)
	at java.base/jdk.internal.reflect.DelegatingMethodAccessorImpl.invoke(DelegatingMethodAccessorImpl.java:43)
	at java.base/java.lang.reflect.Method.invoke(Method.java:566)
	at org.gradle.internal.dispatch.ReflectionDispatch.dispatch(ReflectionDispatch.java:36)
	at org.gradle.internal.dispatch.ReflectionDispatch.dispatch(ReflectionDispatch.java:24)
	at org.gradle.internal.remote.internal.hub.MessageHubBackedObjectConnection$DispatchWrapper.dispatch(MessageHubBackedObjectConnection.java:182)
	at org.gradle.internal.remote.internal.hub.MessageHubBackedObjectConnection$DispatchWrapper.dispatch(MessageHubBackedObjectConnection.java:164)
	at org.gradle.internal.remote.internal.hub.MessageHub$Handler.run(MessageHub.java:414)
	at org.gradle.internal.concurrent.ExecutorPolicy$CatchAndRecordFailures.onExecute(ExecutorPolicy.java:64)
	at org.gradle.internal.concurrent.ManagedExecutorImpl$1.run(ManagedExecutorImpl.java:48)
	at java.base/java.util.concurrent.ThreadPoolExecutor.runWorker(ThreadPoolExecutor.java:1128)
	at java.base/java.util.concurrent.ThreadPoolExecutor$Worker.run(ThreadPoolExecutor.java:628)
	at org.gradle.internal.concurrent.ThreadFactoryImpl$ManagedThreadRunnable.run(ThreadFactoryImpl.java:56)
	at java.base/java.lang.Thread.run(Thread.java:834)
</failure>
  </testcase>
  <system-out><![CDATA[?[1;31m
Start test 1?[0m
Enter what you want to convert (or exit): > 1 degree Celsius to kelvins
1.0 degree Celsius is 274.15 kelvins

Enter what you want to convert (or exit): > -272.15 dc to K
-272.15 degrees Celsius is 1.0 kelvin

Enter what you want to convert (or exit): > 1 kn to feet
Conversion from ??? to feet is impossible

Enter what you want to convert (or exit): > 1 km to feet
1.0 kilometer is 3280.839895013123 feet

Enter what you want to convert (or exit): > 3 pount to ounces
Conversion from ??? to ounces is impossible

Enter what you want to convert (or exit): > 3 pound to ounces
3.0 pounds is 47.99999999999999 ounces

Enter what you want to convert (or exit): > 3 kelvins to grams
Conversion from kelvins to grams is impossible

Enter what you want to convert (or exit): > 3 grams to meters
Conversion from grams to meters is impossible

Enter what you want to convert (or exit): > exit
?[1;31m
Start test 2?[0m
Enter what you want to convert (or exit): > 1 F in K
1.0 degree Fahrenheit is 255.92777777777775 kelvins

Enter what you want to convert (or exit): > 1 K in F
1.0 kelvin is -457.86999999999995 degrees Fahrenheit

Enter what you want to convert (or exit): > 1 C in K
1.0 degree Celsius is 274.15 kelvins

Enter what you want to convert (or exit): > 1 K in C
1.0 kelvin is -272.15 degrees Celsius

Enter what you want to convert (or exit): > 1 F in C
1.0 degree Fahrenheit is -17.22222222222222 degrees Celsius

Enter what you want to convert (or exit): > 1 C in F
1.0 degree Celsius is 33.8 degrees Fahrenheit

Enter what you want to convert (or exit): > exit
?[1;31m
Start test 3?[0m
Enter what you want to convert (or exit): > 100 AAA convertTo BBB
Parse error

Enter what you want to convert (or exit): > exit
]]></system-out>
  <system-err><![CDATA[]]></system-err>
</testsuite>
